^XA
^PRC 
^LH0,0^FS
^LL719
^MD0
^MNY
^LH0,0^FS
^BY5,3.0^FO78,33^B2N,141,Y,N,N^FR^FD33333333333333^FS
^FO23,346^A0N,43,46^CI13^FR^FD#B^FS
^FO334,572^A0N,19,17^CI13^FR^FDDATA DE VENCIMENTO^FS
^FO164,572^A0N,19,17^CI13^FR^FDNUMERO DO LOTE^FS
^FO27,571^A0N,19,17^CI13^FR^FDPESO BRUTO(KG)^FS
^FO24,503^A0N,19,17^CI13^FR^FDSABOR^FS
^FO23,440^A0N,27,23^CI13^FR^FD#M^FS
^FO164,601^A0N,31,32^CI13^FR^FD#O^FS
^FO27,599^A0N,31,36^CI13^FR^FD#S^FS
^FO334,597^A0N,37,50^CI13^FR^FD#Q^FS
^FO24,526^A0N,35,41^CI13^FR^FD#E^FS
^FO23,391^A0N,43,46^CI13^FR^FD#C^FS
^FO334,526^A0N,31,33^CI13^FR^FD#P^FS
^FO333,504^A0N,19,17^CI13^FR^FDEMBALAGEM^FS
^FO23,465^A0N,27,23^CI13^FR^FD#N^FS
^FO574,237^A0N,24,21^CI13^FR^FDF: #H^FS
^FO691,237^A0N,24,21^CI13^FR^FDE: #J^FS
^BY4,3.0^FO586,297^BEB,177,Y,N^FR^FD111111111111^FS
^FO634,236^A0N,25,22^CI13^FR^FDT: #I^FS
^FO113,238^A0N,96,181^CI13^FR^FD#D^FS
^FO757,237^A0N,25,22^CI13^FR^FDB: #L^FS
^FO23,635^FR^GB309,0,77^FS
^FO29,653^A0N,56,50^CI13^FR^FD#R^FS
^FO23,330^GB552,0,5^FS
^FO23,494^GB552,0,4^FS
^FO23,562^GB552,0,4^FS
^FO326,494^GB0,143,4^FS
^FO23,634^GB552,0,4^FS
^FO157,562^GB0,71,4^FS
^PQ1,0,0,N
^XZ
^FX End of job
^XA
^IDR:ID*.*
^XZ
